<?xml version="1.0" encoding="UTF-8"?>
<!-- Generated by org.testng.reporters.JUnitXMLReporter -->
<testsuite ignored="2" hostname="BLRSFLT195" failures="0" tests="3" name="Default test" time="86.697" errors="0" timestamp="02 Dec 2022 12:32:02 GMT">
  <testcase classname="org.chaterls.ProductPurchase" name="login1" time="6.062"/>
  <testcase classname="org.chaterls.ProductPurchase" name="credentials" time="11.36"/>
  <testcase classname="org.chaterls.ProductPurchase" name="productSelecting" time="27.135"/>
  <testcase classname="org.chaterls.ProductPurchase" name="checkoutWorks" time="0.0">
    <ignored/>
  </testcase> <!-- checkoutWorks -->
  <testcase classname="org.chaterls.ProductPurchase" name="paymentTypes" time="0.0">
    <ignored/>
  </testcase> <!-- paymentTypes -->
</testsuite> <!-- Default test -->
